  Receiver.cpp
C:\Users\user1\Downloads\שרי\shardFiles\Manager.h(63,19): warning C4018: '>': signed/unsigned mismatch
C:\Users\user1\Downloads\שרי\shardFiles\Manager.h(104,23): warning C4018: '<': signed/unsigned mismatch
C:\Users\user1\Downloads\שרי\shardFiles\Manager.h(124,23): warning C4018: '<': signed/unsigned mismatch
C:\Program Files (x86)\Microsoft Visual Studio\2019\Enterprise\VC\Tools\MSVC\14.26.28801\include\thread(43,14): error C2672: 'std::invoke': no matching overloaded function found
C:\Program Files (x86)\Microsoft Visual Studio\2019\Enterprise\VC\Tools\MSVC\14.26.28801\include\thread(49): message : see reference to function template instantiation 'unsigned int std::thread::_Invoke<_Tuple,0,1,2>(void *) noexcept' being compiled
          with
          [
              _Tuple=_Tuple
          ]
C:\Program Files (x86)\Microsoft Visual Studio\2019\Enterprise\VC\Tools\MSVC\14.26.28801\include\thread(55): message : see reference to function template instantiation 'unsigned int (__stdcall *std::thread::_Get_invoke<_Tuple,0,1,2>(std::integer_sequence<size_t,0,1,2>) noexcept)(void *)' being compiled
C:\Users\user1\Downloads\שרי\shardFiles\Antenna.h(13): message : see reference to function template instantiation 'std::thread::thread<void(__thiscall Componnent::* )(typeComponent),Antenna*,typeComponent&,0>(_Fn &&,Antenna *&&,typeComponent &)' being compiled
          with
          [
              _Fn=void (__thiscall Componnent::* )(typeComponent)
          ]
C:\Program Files (x86)\Microsoft Visual Studio\2019\Enterprise\VC\Tools\MSVC\14.26.28801\include\thread(39,5): error C2893: Failed to specialize function template 'unknown-type std::invoke(_Callable &&,_Types &&...) noexcept(<expr>)'
C:\Program Files (x86)\Microsoft Visual Studio\2019\Enterprise\VC\Tools\MSVC\14.26.28801\include\type_traits(1612): message : see declaration of 'std::invoke'
C:\Program Files (x86)\Microsoft Visual Studio\2019\Enterprise\VC\Tools\MSVC\14.26.28801\include\thread(39,5): message : With the following template arguments:
C:\Program Files (x86)\Microsoft Visual Studio\2019\Enterprise\VC\Tools\MSVC\14.26.28801\include\thread(39,5): message : '_Callable=void (__thiscall Componnent::* )(typeComponent)'
C:\Program Files (x86)\Microsoft Visual Studio\2019\Enterprise\VC\Tools\MSVC\14.26.28801\include\thread(39,5): message : '_Types={Antenna *, typeComponent}'
